2022-04-05 12:39:59,575 [MainThread  ] [WARNI]  Directory ../maskcat_generaciones/2022-04-05 does not exist. Creating it.
2022-04-05 12:39:59,575 [MainThread  ] [WARNI]  Directory ../results/2022-04-05 does not exist. Creating it.
2022-04-05 13:16:42,399 [MainThread  ] [INFO ]  Evaluations: 10 
 Best fitness: [-0.0] 
 Computing time: 2130.270924091339
2022-04-18 01:33:57,508 [MainThread  ] [WARNI]  Directory ../maskcat_2022-04-18 does not exist. Creating it.
2022-04-18 01:33:57,508 [MainThread  ] [WARNI]  Directory ../maskcat_2022-04-18/results does not exist. Creating it.
2022-04-18 01:33:57,509 [MainThread  ] [WARNI]  Directory ../maskcat_2022-04-18/generations does not exist. Creating it.
2022-04-18 01:33:57,509 [MainThread  ] [WARNI]  Directory ../maskcat_2022-04-18/times does not exist. Creating it.
2022-04-18 01:34:58,999 [MainThread  ] [WARNI]  Directory ../maskcat_2022-04-18 does not exist. Creating it.
2022-04-18 01:34:58,999 [MainThread  ] [WARNI]  Directory ../maskcat_2022-04-18/results does not exist. Creating it.
2022-04-18 01:34:58,999 [MainThread  ] [WARNI]  Directory ../maskcat_2022-04-18/generations does not exist. Creating it.
2022-04-18 01:34:59,000 [MainThread  ] [WARNI]  Directory ../maskcat_2022-04-18/times does not exist. Creating it.
2022-04-18 01:53:20,783 [MainThread  ] [INFO ]  Evaluations: 6 
 Best fitness: [-0.0] 
 Computing time: 619.2963697910309
2022-04-18 02:01:23,037 [MainThread  ] [INFO ]  Evaluations: 12 
 Best fitness: [-5.625] 
 Computing time: 1101.5505719184875
2022-04-18 02:11:16,004 [MainThread  ] [INFO ]  Evaluations: 18 
 Best fitness: [-5.625] 
 Computing time: 1694.518249988556
2022-04-18 02:11:16,006 [MainThread  ] [INFO ]  Evaluations: 24 
 Best fitness: [-5.625] 
 Computing time: 1694.520257949829
2022-04-18 02:11:16,007 [MainThread  ] [INFO ]  Evaluations: 30 
 Best fitness: [-5.625] 
 Computing time: 1694.5210118293762
2022-04-18 02:11:16,008 [MainThread  ] [INFO ]  Evaluations: 36 
 Best fitness: [-5.625] 
 Computing time: 1694.5218999385834
2022-04-18 02:11:22,336 [MainThread  ] [INFO ]  Evaluations: 42 
 Best fitness: [-5.625] 
 Computing time: 1700.8494818210602
2022-04-18 02:11:22,337 [MainThread  ] [INFO ]  Evaluations: 48 
 Best fitness: [-5.625] 
 Computing time: 1700.851392030716
2022-04-18 02:11:22,338 [MainThread  ] [INFO ]  Evaluations: 54 
 Best fitness: [-5.625] 
 Computing time: 1700.8522276878357
2022-04-18 02:11:28,750 [MainThread  ] [INFO ]  Evaluations: 60 
 Best fitness: [-5.625] 
 Computing time: 1707.2634088993073
2022-04-18 02:11:28,751 [MainThread  ] [INFO ]  Evaluations: 66 
 Best fitness: [-5.625] 
 Computing time: 1707.2654008865356
2022-04-18 02:11:28,752 [MainThread  ] [INFO ]  Evaluations: 72 
 Best fitness: [-5.625] 
 Computing time: 1707.266527891159
2022-04-18 02:11:39,827 [MainThread  ] [INFO ]  Evaluations: 78 
 Best fitness: [-12.181818181818182] 
 Computing time: 1718.3410458564758
2022-04-18 02:12:35,198 [MainThread  ] [INFO ]  Evaluations: 84 
 Best fitness: [-12.181818181818182] 
 Computing time: 1773.7120077610016
2022-04-18 02:12:35,200 [MainThread  ] [INFO ]  Evaluations: 90 
 Best fitness: [-12.181818181818182] 
 Computing time: 1773.7139027118683
2022-04-18 02:12:35,201 [MainThread  ] [INFO ]  Evaluations: 96 
 Best fitness: [-12.181818181818182] 
 Computing time: 1773.7146618366241
2022-04-18 02:12:35,201 [MainThread  ] [INFO ]  Evaluations: 102 
 Best fitness: [-12.181818181818182] 
 Computing time: 1773.7154548168182
